Stage1 features = List(bias, length, fromNERTagger, conceptGivenPhrase)
features = List(rootConcept, rootDependencyPathv1, bias, typeBias, self, fragHead, edgeCount, distance, logDistance, posPathv3, dependencyPathv4, conceptBigram)
connected = true
Reading weights
done
Sentence: The International Atomic Energy Agency reached an agreement with Iranian officials that stated there were no remaining issues and ambiguities regarding Iran's nuclear program and activities.

NER Entity: (organization :name (name :op "International" :op "Atomic" :op "Energy" :op "Agency"))
NER Entity: (thing :name (name :op "Iranian"))
NER Entity: (country :name (name :op "Iran"))
NER Entity: (country :name (name :op "Iran"))
NER Entity: (thing :name (name :op "Iranian"))
Spans:
Span 26-27:  activities => activity
Span 7-8:  agreement => agree-01
Span 25-26:  and => and
Span 18-19:  and => and
Span 1-5:  International Atomic Energy Agency => (organization :name (name :op "International" :op "Atomic" :op "Energy" :op "Agency"))
Span 21-22:  Iran => (country :name (name :op "Iran"))
Span 9-10:  Iranian => (country :name (name :op "Iran"))
Span 17-18:  issues => issue
Span 15-16:  no => -
Span 23-24:  nuclear => nucleus
Span 10-11:  officials => (have-org-role-91 :ARG2 official)
Span 24-25:  program => program
Span 5-6:  reached => reach-01
Span 16-17:  remaining => remain-01
Span 12-13:  stated => state-01

Langrangian relaxation converged after 21 iterations. Delta = 0.0
Input(Some(Graph(null,ArrayBuffer(Span(26,27,List(0),activities,activity,false), Span(25,26,List(1),and,and,false), Span(24,25,List(2),program,program,false), Span(23,24,List(3),nuclear,nucleus,false), Span(21,22,List(6, 5, 4),Iran,(country :name (name :op "Iran")),false), Span(18,19,List(7),and,and,false), Span(17,18,List(8),issues,issue,false), Span(16,17,List(9),remaining,remain-01,false), Span(15,16,List(10),no,-,false), Span(12,13,List(11),stated,state-01,false), Span(10,11,List(13, 12),officials,(have-org-role-91 :ARG2 official),false), Span(9,10,List(16, 15, 14),Iranian,(country :name (name :op "Iran")),false), Span(7,8,List(17),agreement,agree-01,false), Span(5,6,List(18),reached,reach-01,false), Span(1,5,List(24, 23, 22, 21, 20, 19),International Atomic Energy Agency,(organization :name (name :op "International" :op "Atomic" :op "Energy" :op "Agency")),false)),Map(2 -> program, 5 -> name, 12 -> have-org-role-91, 8 -> issue, 15 -> name, 21 -> "International", 18 -> reach-01, 24 -> "Agency", 7 -> and, 1 -> and, 17 -> agree-01, 23 -> "Energy", 4 -> country, 11 -> state-01, 14 -> country, 20 -> name, 6 -> "Iran", 9 -> remain-01, 0 -> activity, 22 -> "Atomic", 16 -> "Iran", 19 -> organization, 10 -> -, 3 -> nucleus, 13 -> official),Map(n -> nucleus, h -> have-org-role-91, n4 -> name, a3 -> and, s -> state-01, r2 -> reach-01, p -> program, n3 -> name, a -> activity, o2 -> organization, a2 -> and, i -> issue, r -> remain-01, - -> -, c -> country, o -> official, n2 -> name, c2 -> country, a4 -> agree-01))),[Ljava.lang.String;@2667f029,Annotation([Ljava.lang.String;@67a20f67,[Ljava.lang.String;@57c758ac,[Ljava.lang.String;@a9cd3b1),Annotation([Ljava.lang.String;@13e39c73,[Ljava.lang.String;@64cd705f,[Ledu.cmu.lti.nlp.amr.Dependency;@9225652),Annotation([Ljava.lang.String;@654f0d9c,[Ljava.lang.String;@6a400542,[Ljava.lang.String;@6580cfdd),Annotation([Ljava.lang.String;@7e0b85f9,[Ljava.lang.String;@63355449,[Ledu.cmu.lti.nlp.amr.Entity;@9353778))
AMR:
(a2 / and, op, a / activity)
(a2 / and, op, p / program)
(a3 / and, op, c / country)
(a3 / and, op, i / issue)
(a4 / agree-01, ARG0, o2 / organization)
(a4 / agree-01, ARG1, n / nucleus)
(c / country, name, n2 / name)
(c2 / country, name, n3 / name)
(h / have-org-role-91, ARG1, c2 / country)
(h / have-org-role-91, ARG2, o / official)
(n2 / name, op, "Iran")
(n3 / name, op, "Iran")
(n4 / name, op, "Agency")
(n4 / name, op, "Atomic")
(n4 / name, op, "Energy")
(n4 / name, op, "International")
(o2 / organization, name, n4 / name)
(p / program, poss, c / country)
(r / remain-01, ARG1, i / issue)
(r / remain-01, ARG6, - / -)
(r2 / reach-01, ARG0, o / official)
(r2 / reach-01, ARG1, a4 / agree-01)
(s / state-01, ARG1, a3 / and)
(s / state-01, ARG6, h / have-org-role-91)

Decoded in 1,722,299 microseconds
--- Stage1 evaluation ---
Precision: NaN
Recall: NaN
F1: NaN
