Stage1 features = List(bias, length, fromNERTagger, conceptGivenPhrase)
features = List(rootConcept, rootDependencyPathv1, bias, typeBias, self, fragHead, edgeCount, distance, logDistance, posPathv3, dependencyPathv4, conceptBigram)
connected = true
Reading weights
done
Sentence: 2007-08-21

mkDayMonthYear(2007-08-21,21,08,2007)
mkDayMonthYear(2007-08-21,21,08,2007)
Spans:
Span 0-1:  2007-08-21 => (date-entity :day 21 :month 8 :year 2007)

Langrangian relaxation converged after 1 iterations. Delta = 0.0
Input(Some(Graph(null,ArrayBuffer(Span(0,1,List(3, 2, 1, 0),2007-08-21,(date-entity :day 21 :month 8 :year 2007),false)),Map(2 -> 8, 1 -> 21, 0 -> date-entity, 3 -> 2007),Map(2 -> 21, 8 -> 8, d -> date-entity, 22 -> 2007))),[Ljava.lang.String;@4a22f9e2,Annotation([Ljava.lang.String;@3c419631,[Ljava.lang.String;@418e7838,[Ljava.lang.String;@61230f6a),Annotation([Ljava.lang.String;@3c130745,[Ljava.lang.String;@cd3fee8,[Ledu.cmu.lti.nlp.amr.Dependency;@3e2e18f2),Annotation([Ljava.lang.String;@470f1802,[Ljava.lang.String;@63021689,[Ljava.lang.String;@703580bf),Annotation([Ljava.lang.String;@3e92efc3,[Ljava.lang.String;@1622f1b,[Ledu.cmu.lti.nlp.amr.Entity;@72a7c7e0))
AMR:
(d / date-entity, day, 2 / 21)
(d / date-entity, month, 8 / 8)
(d / date-entity, year, 22 / 2007)

Decoded in 308,056 microseconds
Sentence: Iran (Islamic Republic of) (IR)

NER Entity: (country :name (name :op "Iran"))
NER Entity: (country :name (name :op "Islamic" :op "Republic" :op "of" :op ")"))
NER Entity: (organization :name (name :op "IR"))
NER Entity: (country :name (name :op "Iran"))
Spans:
Span 0-1:  Iran => (country :name (name :op "Iran"))
Span 2-5:  Islamic Republic of => (country :name (name :op "Islamic" :op "Republic" :op "of" :op ")"))

Langrangian relaxation converged after 1 iterations. Delta = 0.0
Input(Some(Graph(null,ArrayBuffer(Span(2,5,List(5, 4, 3, 2, 1, 0),Islamic Republic of,(country :name (name :op "Islamic" :op "Republic" :op "of" :op ")")),false), Span(0,1,List(8, 7, 6),Iran,(country :name (name :op "Iran")),false)),Map(2 -> "Islamic", 5 -> ")", 8 -> "Iran", 7 -> name, 1 -> name, 4 -> "of", 6 -> country, 0 -> country, 3 -> "Republic"),Map(n -> name, c -> country, n2 -> name, c2 -> country))),[Ljava.lang.String;@72057ecf,Annotation([Ljava.lang.String;@1afd44cb,[Ljava.lang.String;@6973b51b,[Ljava.lang.String;@1ab3a8c8),Annotation([Ljava.lang.String;@43195e57,[Ljava.lang.String;@333291e3,[Ledu.cmu.lti.nlp.amr.Dependency;@479d31f3),Annotation([Ljava.lang.String;@40ef3420,[Ljava.lang.String;@498d318c,[Ljava.lang.String;@6e171cd7),Annotation([Ljava.lang.String;@402bba4f,[Ljava.lang.String;@795cd85e,[Ledu.cmu.lti.nlp.amr.Entity;@59fd97a8))
AMR:
(c / country, calendar, c2 / country)
(c / country, name, n / name)
(c2 / country, name, n2 / name)
(n / name, op, ")")
(n / name, op, "Islamic")
(n / name, op, "Republic")
(n / name, op, "of")
(n2 / name, op, "Iran")

Decoded in 99,116 microseconds
Sentence: International; weapons; politics; proliferation; energy

Spans:
Span 7-8:  ; => and
Span 5-6:  ; => and
Span 3-4:  ; => and
Span 1-2:  ; => and
Span 8-9:  energy => energy
Span 0-1:  International => international
Span 4-5:  politics => politics
Span 6-7:  proliferation => proliferate-01
Span 2-3:  weapons => weapon

Langrangian relaxation converged after 1 iterations. Delta = 0.0
Input(Some(Graph(null,ArrayBuffer(Span(8,9,List(0),energy,energy,false), Span(7,8,List(1),;,and,false), Span(6,7,List(2),proliferation,proliferate-01,false), Span(5,6,List(3),;,and,false), Span(4,5,List(4),politics,politics,false), Span(3,4,List(5),;,and,false), Span(2,3,List(6),weapons,weapon,false), Span(1,2,List(7),;,and,false), Span(0,1,List(8),International,international,false)),Map(2 -> proliferate-01, 5 -> and, 8 -> international, 7 -> and, 1 -> and, 4 -> politics, 6 -> weapon, 0 -> energy, 3 -> and),Map(w -> weapon, e -> energy, p2 -> politics, a3 -> and, p -> proliferate-01, a -> and, i -> international, a2 -> and, a4 -> and))),[Ljava.lang.String;@f5ac9e4,Annotation([Ljava.lang.String;@123ef382,[Ljava.lang.String;@dbf57b3,[Ljava.lang.String;@384ad17b),Annotation([Ljava.lang.String;@61862a7f,[Ljava.lang.String;@441772e,[Ledu.cmu.lti.nlp.amr.Dependency;@7334aada),Annotation([Ljava.lang.String;@1d9b7cce,[Ljava.lang.String;@4d9e68d0,[Ljava.lang.String;@42e99e4a),Annotation([Ljava.lang.String;@14dd9eb7,[Ljava.lang.String;@52e6fdee,[Ledu.cmu.lti.nlp.amr.Entity;@6c80d78a))
AMR:
(a / and, op, p / proliferate-01)
(a2 / and, op, a / and)
(a2 / and, op, e / energy)
(a3 / and, op, p / proliferate-01)
(a3 / and, op, p2 / politics)
(a4 / and, op, a3 / and)
(a4 / and, op, i / international)
(a4 / and, op, w / weapon)

Decoded in 230,557 microseconds
Sentence: The International Atomic Energy Agency reached an agreement with Iranian officials that stated there were no remaining issues and ambiguities regarding Iran's nuclear program and activities.

NER Entity: (organization :name (name :op "International" :op "Atomic" :op "Energy" :op "Agency"))
NER Entity: (thing :name (name :op "Iranian"))
NER Entity: (country :name (name :op "Iran"))
NER Entity: (country :name (name :op "Iran"))
NER Entity: (thing :name (name :op "Iranian"))
Spans:
Span 26-27:  activities => activity
Span 7-8:  agreement => agree-01
Span 25-26:  and => and
Span 18-19:  and => and
Span 1-5:  International Atomic Energy Agency => (organization :name (name :op "International" :op "Atomic" :op "Energy" :op "Agency"))
Span 21-22:  Iran => (country :name (name :op "Iran"))
Span 9-10:  Iranian => (country :name (name :op "Iran"))
Span 17-18:  issues => issue
Span 15-16:  no => -
Span 23-24:  nuclear => nucleus
Span 10-11:  officials => (have-org-role-91 :ARG2 official)
Span 24-25:  program => program
Span 5-6:  reached => reach-01
Span 16-17:  remaining => remain-01
Span 12-13:  stated => state-01

Langrangian relaxation converged after 21 iterations. Delta = 0.0
Input(Some(Graph(null,ArrayBuffer(Span(26,27,List(0),activities,activity,false), Span(25,26,List(1),and,and,false), Span(24,25,List(2),program,program,false), Span(23,24,List(3),nuclear,nucleus,false), Span(21,22,List(6, 5, 4),Iran,(country :name (name :op "Iran")),false), Span(18,19,List(7),and,and,false), Span(17,18,List(8),issues,issue,false), Span(16,17,List(9),remaining,remain-01,false), Span(15,16,List(10),no,-,false), Span(12,13,List(11),stated,state-01,false), Span(10,11,List(13, 12),officials,(have-org-role-91 :ARG2 official),false), Span(9,10,List(16, 15, 14),Iranian,(country :name (name :op "Iran")),false), Span(7,8,List(17),agreement,agree-01,false), Span(5,6,List(18),reached,reach-01,false), Span(1,5,List(24, 23, 22, 21, 20, 19),International Atomic Energy Agency,(organization :name (name :op "International" :op "Atomic" :op "Energy" :op "Agency")),false)),Map(2 -> program, 5 -> name, 12 -> have-org-role-91, 8 -> issue, 15 -> name, 21 -> "International", 18 -> reach-01, 24 -> "Agency", 7 -> and, 1 -> and, 17 -> agree-01, 23 -> "Energy", 4 -> country, 11 -> state-01, 14 -> country, 20 -> name, 6 -> "Iran", 9 -> remain-01, 0 -> activity, 22 -> "Atomic", 16 -> "Iran", 19 -> organization, 10 -> -, 3 -> nucleus, 13 -> official),Map(n -> nucleus, h -> have-org-role-91, n4 -> name, a3 -> and, s -> state-01, r2 -> reach-01, p -> program, n3 -> name, a -> activity, o2 -> organization, a2 -> and, i -> issue, r -> remain-01, - -> -, c -> country, o -> official, n2 -> name, c2 -> country, a4 -> agree-01))),[Ljava.lang.String;@8dbdac1,Annotation([Ljava.lang.String;@6e20b53a,[Ljava.lang.String;@71809907,[Ljava.lang.String;@3ce1e309),Annotation([Ljava.lang.String;@6aba2b86,[Ljava.lang.String;@158da8e,[Ledu.cmu.lti.nlp.amr.Dependency;@74e52303),Annotation([Ljava.lang.String;@47af7f3d,[Ljava.lang.String;@7c729a55,[Ljava.lang.String;@3bb9a3ff),Annotation([Ljava.lang.String;@661972b0,[Ljava.lang.String;@5af3afd9,[Ledu.cmu.lti.nlp.amr.Entity;@323b36e0))
AMR:
(a2 / and, op, a / activity)
(a2 / and, op, p / program)
(a3 / and, op, c / country)
(a3 / and, op, i / issue)
(a4 / agree-01, ARG0, o2 / organization)
(a4 / agree-01, ARG1, n / nucleus)
(c / country, name, n2 / name)
(c2 / country, name, n3 / name)
(h / have-org-role-91, ARG1, c2 / country)
(h / have-org-role-91, ARG2, o / official)
(n2 / name, op, "Iran")
(n3 / name, op, "Iran")
(n4 / name, op, "Agency")
(n4 / name, op, "Atomic")
(n4 / name, op, "Energy")
(n4 / name, op, "International")
(o2 / organization, name, n4 / name)
(p / program, poss, c / country)
(r / remain-01, ARG1, i / issue)
(r / remain-01, ARG6, - / -)
(r2 / reach-01, ARG0, o / official)
(r2 / reach-01, ARG1, a4 / agree-01)
(s / state-01, ARG1, a3 / and)
(s / state-01, ARG6, h / have-org-role-91)

Decoded in 1,144,127 microseconds
Sentence: U.S. and European officials suspect that Iran's civilian nuclear energy program masks an effort to obtain technology that could be used in the production of an atomic bomb.

NER Entity: (country :name (name :op "U.S."))
NER Entity: (thing :name (name :op "European"))
NER Entity: (country :name (name :op "Iran"))
NER Entity: (country :name (name :op "Iran"))
NER Entity: (thing :name (name :op "European"))
NER Entity: (country :name (name :op "U.S."))
Spans:
Span 1-2:  and => and
Span 27-28:  atomic => atom
Span 28-29:  bomb => bomb
Span 8-9:  civilian => civilian
Span 19-20:  could => possible
Span 14-15:  effort => effort
Span 10-11:  energy => energy
Span 2-3:  European => (continent :name (name :op "Europe"))
Span 6-7:  Iran => (country :name (name :op "Iran"))
Span 9-10:  nuclear => nucleus
Span 16-17:  obtain => obtain-01
Span 3-4:  officials => (have-org-role-91 :ARG2 official)
Span 24-25:  production => produce-01
Span 11-12:  program => program
Span 4-5:  suspect => suspect-01
Span 17-18:  technology => technology
Span 0-1:  U.S. => (country :name (name :op "U.S."))
Span 21-22:  used => use-01

Langrangian relaxation converged after 30 iterations. Delta = 0.0
Input(Some(Graph(null,ArrayBuffer(Span(28,29,List(0),bomb,bomb,false), Span(27,28,List(1),atomic,atom,false), Span(24,25,List(2),production,produce-01,false), Span(21,22,List(3),used,use-01,false), Span(19,20,List(4),could,possible,false), Span(17,18,List(5),technology,technology,false), Span(16,17,List(6),obtain,obtain-01,false), Span(14,15,List(7),effort,effort,false), Span(11,12,List(8),program,program,false), Span(10,11,List(9),energy,energy,false), Span(9,10,List(10),nuclear,nucleus,false), Span(8,9,List(11),civilian,civilian,false), Span(6,7,List(14, 13, 12),Iran,(country :name (name :op "Iran")),false), Span(4,5,List(15),suspect,suspect-01,false), Span(3,4,List(17, 16),officials,(have-org-role-91 :ARG2 official),false), Span(2,3,List(20, 19, 18),European,(continent :name (name :op "Europe")),false), Span(1,2,List(21),and,and,false), Span(0,1,List(24, 23, 22),U.S.,(country :name (name :op "U.S.")),false)),Map(2 -> produce-01, 5 -> technology, 12 -> country, 8 -> program, 15 -> suspect-01, 21 -> and, 18 -> continent, 24 -> "U.S.", 7 -> effort, 1 -> atom, 17 -> official, 23 -> name, 4 -> possible, 11 -> civilian, 14 -> "Iran", 20 -> "Europe", 6 -> obtain-01, 9 -> energy, 0 -> bomb, 22 -> country, 16 -> have-org-role-91, 19 -> name, 10 -> nucleus, 3 -> use-01, 13 -> name),Map(e -> effort, n -> nucleus, h -> have-org-role-91, b -> bomb, t -> technology, p2 -> possible, e2 -> energy, n4 -> name, c4 -> country, s -> suspect-01, p -> produce-01, n3 -> name, c3 -> continent, a -> atom, o2 -> official, a2 -> and, c -> civilian, u -> use-01, o -> obtain-01, p3 -> program, n2 -> name, c2 -> country))),[Ljava.lang.String;@2e005c4b,Annotation([Ljava.lang.String;@4567f35d,[Ljava.lang.String;@5ffead27,[Ljava.lang.String;@6356695f),Annotation([Ljava.lang.String;@4f18837a,[Ljava.lang.String;@359f7cdf,[Ledu.cmu.lti.nlp.amr.Dependency;@1fa268de),Annotation([Ljava.lang.String;@4f6ee6e4,[Ljava.lang.String;@4466af20,[Ljava.lang.String;@a514af7),Annotation([Ljava.lang.String;@6b927fb,[Ljava.lang.String;@3e58a80e,[Ledu.cmu.lti.nlp.amr.Entity;@4fb61f4a))
AMR:
(a2 / and, op, c4 / country)
(b / bomb, mod, a / atom)
(c2 / country, name, n2 / name)
(c3 / continent, name, n3 / name)
(c4 / country, name, n4 / name)
(e / effort, purpose, o / obtain-01)
(e2 / energy, mod, n / nucleus)
(h / have-org-role-91, ARG1, c2 / country)
(h / have-org-role-91, ARG2, o2 / official)
(h / have-org-role-91, ARG6, c3 / continent)
(n2 / name, op, "Iran")
(n3 / name, op, "Europe")
(n4 / name, op, "U.S.")
(o / obtain-01, ARG0, c2 / country)
(o / obtain-01, ARG1, t / technology)
(p / produce-01, ARG1, b / bomb)
(p2 / possible, domain, u / use-01)
(p3 / program, mod, c / civilian)
(p3 / program, mod, e2 / energy)
(p3 / program, poss, c2 / country)
(s / suspect-01, ARG0, a2 / and)
(s / suspect-01, ARG1, p3 / program)
(u / use-01, ARG1, t / technology)
(u / use-01, ARG2, p / produce-01)

Decoded in 1,383,656 microseconds
Sentence: U.S. and European officials suspect that Iran's civilian nuclear energy program masks an effort to obtain technology that could be used in the production of an atomic bomb.

NER Entity: (country :name (name :op "U.S."))
NER Entity: (thing :name (name :op "European"))
NER Entity: (country :name (name :op "Iran"))
NER Entity: (country :name (name :op "Iran"))
NER Entity: (thing :name (name :op "European"))
NER Entity: (country :name (name :op "U.S."))
Spans:
Span 1-2:  and => and
Span 27-28:  atomic => atom
Span 28-29:  bomb => bomb
Span 8-9:  civilian => civilian
Span 19-20:  could => possible
Span 14-15:  effort => effort
Span 10-11:  energy => energy
Span 2-3:  European => (continent :name (name :op "Europe"))
Span 6-7:  Iran => (country :name (name :op "Iran"))
Span 9-10:  nuclear => nucleus
Span 16-17:  obtain => obtain-01
Span 3-4:  officials => (have-org-role-91 :ARG2 official)
Span 24-25:  production => produce-01
Span 11-12:  program => program
Span 4-5:  suspect => suspect-01
Span 17-18:  technology => technology
Span 0-1:  U.S. => (country :name (name :op "U.S."))
Span 21-22:  used => use-01

Langrangian relaxation converged after 30 iterations. Delta = 0.0
Input(Some(Graph(null,ArrayBuffer(Span(28,29,List(0),bomb,bomb,false), Span(27,28,List(1),atomic,atom,false), Span(24,25,List(2),production,produce-01,false), Span(21,22,List(3),used,use-01,false), Span(19,20,List(4),could,possible,false), Span(17,18,List(5),technology,technology,false), Span(16,17,List(6),obtain,obtain-01,false), Span(14,15,List(7),effort,effort,false), Span(11,12,List(8),program,program,false), Span(10,11,List(9),energy,energy,false), Span(9,10,List(10),nuclear,nucleus,false), Span(8,9,List(11),civilian,civilian,false), Span(6,7,List(14, 13, 12),Iran,(country :name (name :op "Iran")),false), Span(4,5,List(15),suspect,suspect-01,false), Span(3,4,List(17, 16),officials,(have-org-role-91 :ARG2 official),false), Span(2,3,List(20, 19, 18),European,(continent :name (name :op "Europe")),false), Span(1,2,List(21),and,and,false), Span(0,1,List(24, 23, 22),U.S.,(country :name (name :op "U.S.")),false)),Map(2 -> produce-01, 5 -> technology, 12 -> country, 8 -> program, 15 -> suspect-01, 21 -> and, 18 -> continent, 24 -> "U.S.", 7 -> effort, 1 -> atom, 17 -> official, 23 -> name, 4 -> possible, 11 -> civilian, 14 -> "Iran", 20 -> "Europe", 6 -> obtain-01, 9 -> energy, 0 -> bomb, 22 -> country, 16 -> have-org-role-91, 19 -> name, 10 -> nucleus, 3 -> use-01, 13 -> name),Map(e -> effort, n -> nucleus, h -> have-org-role-91, b -> bomb, t -> technology, p2 -> possible, e2 -> energy, n4 -> name, c4 -> country, s -> suspect-01, p -> produce-01, n3 -> name, c3 -> continent, a -> atom, o2 -> official, a2 -> and, c -> civilian, u -> use-01, o -> obtain-01, p3 -> program, n2 -> name, c2 -> country))),[Ljava.lang.String;@4fb0f2b9,Annotation([Ljava.lang.String;@79924b,[Ljava.lang.String;@7b9a4292,[Ljava.lang.String;@4a94ee4),Annotation([Ljava.lang.String;@4cc451f2,[Ljava.lang.String;@6379eb,[Ledu.cmu.lti.nlp.amr.Dependency;@294425a7),Annotation([Ljava.lang.String;@67d48005,[Ljava.lang.String;@9f116cc,[Ljava.lang.String;@12468a38),Annotation([Ljava.lang.String;@1aa7ecca,[Ljava.lang.String;@59309333,[Ledu.cmu.lti.nlp.amr.Entity;@5876a9af))
AMR:
(a2 / and, op, c4 / country)
(b / bomb, mod, a / atom)
(c2 / country, name, n2 / name)
(c3 / continent, name, n3 / name)
(c4 / country, name, n4 / name)
(e / effort, purpose, o / obtain-01)
(e2 / energy, mod, n / nucleus)
(h / have-org-role-91, ARG1, c2 / country)
(h / have-org-role-91, ARG2, o2 / official)
(h / have-org-role-91, ARG6, c3 / continent)
(n2 / name, op, "Iran")
(n3 / name, op, "Europe")
(n4 / name, op, "U.S.")
(o / obtain-01, ARG0, c2 / country)
(o / obtain-01, ARG1, t / technology)
(p / produce-01, ARG1, b / bomb)
(p2 / possible, domain, u / use-01)
(p3 / program, mod, c / civilian)
(p3 / program, mod, e2 / energy)
(p3 / program, poss, c2 / country)
(s / suspect-01, ARG0, a2 / and)
(s / suspect-01, ARG1, p3 / program)
(u / use-01, ARG1, t / technology)
(u / use-01, ARG2, p / produce-01)

Decoded in 1,317,378 microseconds
Sentence: U.S. and European officials may impose a 4th round of sanctions on Tehran when the U.N. Security Council considers the issue of Iran's nuclear energy program most likely in September 2007.

NER Entity: (country :name (name :op "U.S."))
NER Entity: (thing :name (name :op "European"))
NER Entity: (country :name (name :op "Tehran"))
NER Entity: (organization :name (name :op "U.N."))
NER Entity: (country :name (name :op "Iran"))
NER Entity: (country :name (name :op "Iran"))
NER Entity: (organization :name (name :op "U.N."))
NER Entity: (country :name (name :op "Tehran"))
NER Entity: (thing :name (name :op "European"))
NER Entity: (country :name (name :op "U.S."))
Spans:
Span 1-2:  and => and
Span 18-19:  considers => consider-01
Span 25-26:  energy => energy
Span 2-3:  European => (continent :name (name :op "Europe"))
Span 5-6:  impose => impose-01
Span 22-23:  Iran => (country :name (name :op "Iran"))
Span 20-21:  issue => issue
Span 28-29:  likely => likely
Span 4-5:  may => possible
Span 27-28:  most => most
Span 24-25:  nuclear => nucleus
Span 3-4:  officials => (have-org-role-91 :ARG2 official)
Span 26-27:  program => program
Span 8-9:  round => round
Span 10-11:  sanctions => sanction-02
Span 16-18:  Security Council => (organization :name (name :op "Council" :op "Security"))
Span 30-32:  September 2007 => (date-entity :month 9 :year 2007)
Span 12-13:  Tehran => (city :name (name :op "Tehran"))
Span 15-16:  U.N. => (have-org-role-91 :ARG1 (government-organization :name (name :op "U.N.")))
Span 0-1:  U.S. => (country :name (name :op "U.S."))

Langrangian relaxation converged after 39 iterations. Delta = 0.0
Input(Some(Graph(null,ArrayBuffer(Span(30,32,List(2, 1, 0),September 2007,(date-entity :month 9 :year 2007),false), Span(28,29,List(3),likely,likely,false), Span(27,28,List(4),most,most,false), Span(26,27,List(5),program,program,false), Span(25,26,List(6),energy,energy,false), Span(24,25,List(7),nuclear,nucleus,false), Span(22,23,List(10, 9, 8),Iran,(country :name (name :op "Iran")),false), Span(20,21,List(11),issue,issue,false), Span(18,19,List(12),considers,consider-01,false), Span(16,18,List(16, 15, 14, 13),Security Council,(organization :name (name :op "Council" :op "Security")),false), Span(15,16,List(20, 19, 18, 17),U.N.,(have-org-role-91 :ARG1 (government-organization :name (name :op "U.N."))),false), Span(12,13,List(23, 22, 21),Tehran,(city :name (name :op "Tehran")),false), Span(10,11,List(24),sanctions,sanction-02,false), Span(8,9,List(25),round,round,false), Span(5,6,List(26),impose,impose-01,false), Span(4,5,List(27),may,possible,false), Span(3,4,List(29, 28),officials,(have-org-role-91 :ARG2 official),false), Span(2,3,List(32, 31, 30),European,(continent :name (name :op "Europe")),false), Span(1,2,List(33),and,and,false), Span(0,1,List(36, 35, 34),U.S.,(country :name (name :op "U.S.")),false)),Map(30 -> continent, 2 -> 2007, 5 -> program, 33 -> and, 27 -> possible, 12 -> consider-01, 8 -> country, 15 -> "Council", 36 -> "U.S.", 21 -> city, 18 -> government-organization, 24 -> sanction-02, 35 -> name, 7 -> nucleus, 1 -> 9, 17 -> have-org-role-91, 23 -> "Tehran", 26 -> impose-01, 4 -> most, 11 -> issue, 32 -> "Europe", 14 -> name, 29 -> official, 20 -> "U.N.", 34 -> country, 28 -> have-org-role-91, 6 -> energy, 9 -> name, 0 -> date-entity, 22 -> name, 16 -> "Security", 19 -> name, 10 -> "Iran", 3 -> likely, 31 -> name, 25 -> round, 13 -> organization),Map(e -> energy, n -> nucleus, h -> have-org-role-91, 2 -> 2007, h2 -> have-org-role-91, n7 -> name, p2 -> possible, c4 -> continent, n4 -> name, s -> sanction-02, m -> most, d -> date-entity, p -> program, g -> government-organization, a -> and, n3 -> name, c3 -> city, n6 -> name, o2 -> official, i2 -> impose-01, i -> issue, r -> round, c -> country, l -> likely, 9 -> 9, o -> organization, c2 -> consider-01, n2 -> name, c5 -> country, n5 -> name))),[Ljava.lang.String;@52bf72b5,Annotation([Ljava.lang.String;@37afeb11,[Ljava.lang.String;@515aebb0,[Ljava.lang.String;@dd8ba08),Annotation([Ljava.lang.String;@245b4bdc,[Ljava.lang.String;@6c64cb25,[Ledu.cmu.lti.nlp.amr.Dependency;@6ae5aa72),Annotation([Ljava.lang.String;@222545dc,[Ljava.lang.String;@5c5eefef,[Ljava.lang.String;@16293aa2),Annotation([Ljava.lang.String;@5158b42f,[Ljava.lang.String;@595b007d,[Ledu.cmu.lti.nlp.amr.Entity;@72d1ad2e))
AMR:
(a / and, op, c5 / country)
(c / country, name, n2 / name)
(c2 / consider-01, ARG0, o / organization)
(c2 / consider-01, ARG1, i / issue)
(c2 / consider-01, time, d / date-entity)
(c3 / city, name, n5 / name)
(c4 / continent, name, n6 / name)
(c5 / country, name, n7 / name)
(d / date-entity, month, 9 / 9)
(d / date-entity, year, 2 / 2007)
(e / energy, mod, n / nucleus)
(g / government-organization, name, n4 / name)
(h / have-org-role-91, ARG0, o / organization)
(h / have-org-role-91, ARG1, g / government-organization)
(h2 / have-org-role-91, ARG1, c / country)
(h2 / have-org-role-91, ARG2, o2 / official)
(h2 / have-org-role-91, ARG6, c4 / continent)
(i / issue, poss, p / program)
(i2 / impose-01, ARG0, a / and)
(i2 / impose-01, ARG1, r / round)
(l / likely, degree, m / most)
(m / most, calendar, p / program)
(n2 / name, op, "Iran")
(n3 / name, op, "Council")
(n3 / name, op, "Security")
(n4 / name, op, "U.N.")
(n5 / name, op, "Tehran")
(n6 / name, op, "Europe")
(n7 / name, op, "U.S.")
(o / organization, name, n3 / name)
(p / program, mod, e / energy)
(p / program, poss, c / country)
(p2 / possible, domain, i2 / impose-01)
(r / round, mod, c4 / continent)
(s / sanction-02, ARG0, r / round)
(s / sanction-02, ARG1, c3 / city)

Decoded in 2,789,071 microseconds
Sentence: The International Atomic Energy Agency distributed limited copies of the IAEA report before a meeting on 11 September 2007 of the 35 members of the IAEA board.

NER Entity: (organization :name (name :op "International" :op "Atomic" :op "Energy" :op "Agency"))
NER Entity: (organization :name (name :op "IAEA"))
mkDayMonthYear(11	September	2007,11,September,2007)
NER Entity: (organization :name (name :op "IAEA"))
NER Entity: (organization :name (name :op "IAEA"))
NER Entity: (organization :name (name :op "IAEA"))
Spans:
Span 16-19:  11 September 2007 => (date-entity :day 11 :month 9 :year 2007)
Span 21-22:  35 => 35
Span 12-13:  before => before
Span 26-27:  board => board-01
Span 7-8:  copies => copy-01
Span 5-6:  distributed => distribute-01
Span 25-26:  IAEA => (organization :name (name :op "IAEA"))
Span 10-11:  IAEA => (organization :name (name :op "IAEA"))
Span 1-5:  International Atomic Energy Agency => (organization :name (name :op "International" :op "Atomic" :op "Energy" :op "Agency"))
Span 6-7:  limited => limit-01
Span 14-15:  meeting => meet-03
Span 22-23:  members => (have-org-role-91 :ARG2 member)
Span 11-12:  report => report

Langrangian relaxation converged after 34 iterations. Delta = 0.0
Input(Some(Graph(null,ArrayBuffer(Span(26,27,List(0),board,board-01,false), Span(25,26,List(3, 2, 1),IAEA,(organization :name (name :op "IAEA")),false), Span(22,23,List(5, 4),members,(have-org-role-91 :ARG2 member),false), Span(21,22,List(6),35,35,false), Span(16,19,List(10, 9, 8, 7),11 September 2007,(date-entity :day 11 :month 9 :year 2007),false), Span(14,15,List(11),meeting,meet-03,false), Span(12,13,List(12),before,before,false), Span(11,12,List(13),report,report,false), Span(10,11,List(16, 15, 14),IAEA,(organization :name (name :op "IAEA")),false), Span(7,8,List(17),copies,copy-01,false), Span(6,7,List(18),limited,limit-01,false), Span(5,6,List(19),distributed,distribute-01,false), Span(1,5,List(25, 24, 23, 22, 21, 20),International Atomic Energy Agency,(organization :name (name :op "International" :op "Atomic" :op "Energy" :op "Agency")),false)),Map(2 -> name, 5 -> member, 12 -> before, 8 -> 11, 15 -> name, 21 -> name, 18 -> limit-01, 24 -> "Energy", 7 -> date-entity, 1 -> organization, 17 -> copy-01, 23 -> "Atomic", 4 -> have-org-role-91, 11 -> meet-03, 14 -> organization, 20 -> organization, 6 -> 35, 9 -> 9, 0 -> board-01, 22 -> "International", 16 -> "IAEA", 19 -> distribute-01, 10 -> 2007, 3 -> "IAEA", 25 -> "Agency", 13 -> report),Map(n -> name, h -> have-org-role-91, 2 -> 2007, b -> board-01, o3 -> organization, m2 -> meet-03, b2 -> before, m -> member, d -> date-entity, 1 -> 11, n3 -> name, d2 -> distribute-01, o2 -> organization, r -> report, c -> copy-01, l -> limit-01, 9 -> 9, o -> organization, 3 -> 35, n2 -> name))),[Ljava.lang.String;@2d7275fc,Annotation([Ljava.lang.String;@399f45b1,[Ljava.lang.String;@38c6f217,[Ljava.lang.String;@478190fc),Annotation([Ljava.lang.String;@79e2c065,[Ljava.lang.String;@3a93b025,[Ledu.cmu.lti.nlp.amr.Dependency;@35cabb2a),Annotation([Ljava.lang.String;@7e07db1f,[Ljava.lang.String;@1189dd52,[Ljava.lang.String;@36bc55de),Annotation([Ljava.lang.String;@564fabc8,[Ljava.lang.String;@16d04d3d,[Ledu.cmu.lti.nlp.amr.Entity;@49ec71f8))
AMR:
(b / board-01, ARG0, o / organization)
(b / board-01, ARG1, o2 / organization)
(b2 / before, op, m2 / meet-03)
(c / copy-01, ARG0, o3 / organization)
(c / copy-01, ARG1, r / report)
(d / date-entity, day, 1 / 11)
(d / date-entity, month, 9 / 9)
(d / date-entity, year, 2 / 2007)
(d2 / distribute-01, ARG0, o3 / organization)
(d2 / distribute-01, ARG1, 3 / 35)
(d2 / distribute-01, time, b2 / before)
(h / have-org-role-91, ARG1, o2 / organization)
(h / have-org-role-91, ARG2, m / member)
(l / limit-01, ARG1, c / copy-01)
(m2 / meet-03, time, d / date-entity)
(n / name, op, "IAEA")
(n2 / name, op, "IAEA")
(n3 / name, op, "Agency")
(n3 / name, op, "Atomic")
(n3 / name, op, "Energy")
(n3 / name, op, "International")
(o / organization, name, n / name)
(o2 / organization, name, n2 / name)
(o3 / organization, name, n3 / name)
(r / report, poss, o2 / organization)

Decoded in 1,196,850 microseconds
Sentence: The findings reflect an agency agreement on 21 August 2007 with Tehran that Iranian officials began publicizing the week of 12 August 2007.

mkDayMonthYear(21	August	2007,21,August,2007)
NER Entity: (country :name (name :op "Tehran"))
NER Entity: (thing :name (name :op "Iranian"))
mkDayMonthYear(12	August	2007,12,August,2007)
NER Entity: (thing :name (name :op "Iranian"))
NER Entity: (country :name (name :op "Tehran"))
Spans:
Span 20-23:  12 August 2007 => (date-entity :day 12 :month 8 :year 2007)
Span 7-10:  21 August 2007 => (date-entity :day 21 :month 8 :year 2007)
Span 4-5:  agency => agency
Span 5-6:  agreement => agree-01
Span 15-16:  began => begin-01
Span 1-2:  findings => (thing :ARG1-of find-01)
Span 13-14:  Iranian => (country :name (name :op "Iran"))
Span 14-15:  officials => (have-org-role-91 :ARG2 official)
Span 2-3:  reflect => reflect-01
Span 11-12:  Tehran => (city :name (name :op "Tehran"))
Span 18-19:  week => week

Langrangian relaxation converged after 37 iterations. Delta = 0.0
Input(Some(Graph(null,ArrayBuffer(Span(20,23,List(3, 2, 1, 0),12 August 2007,(date-entity :day 12 :month 8 :year 2007),false), Span(18,19,List(4),week,week,false), Span(15,16,List(5),began,begin-01,false), Span(14,15,List(7, 6),officials,(have-org-role-91 :ARG2 official),false), Span(13,14,List(10, 9, 8),Iranian,(country :name (name :op "Iran")),false), Span(11,12,List(13, 12, 11),Tehran,(city :name (name :op "Tehran")),false), Span(7,10,List(17, 16, 15, 14),21 August 2007,(date-entity :day 21 :month 8 :year 2007),false), Span(5,6,List(18),agreement,agree-01,false), Span(4,5,List(19),agency,agency,false), Span(2,3,List(20),reflect,reflect-01,false), Span(1,2,List(22, 21),findings,(thing :ARG1-of find-01),false)),Map(2 -> 8, 5 -> begin-01, 12 -> name, 15 -> 21, 8 -> country, 21 -> thing, 18 -> agree-01, 7 -> official, 17 -> 2007, 1 -> 12, 4 -> week, 11 -> city, 14 -> date-entity, 20 -> reflect-01, 6 -> have-org-role-91, 22 -> find-01, 0 -> date-entity, 9 -> name, 16 -> 8, 19 -> agency, 3 -> 2007, 10 -> "Iran", 13 -> "Tehran"),Map(w -> week, n -> name, h -> have-org-role-91, 2 -> 2007, t -> thing, b -> begin-01, 8 -> 8, d -> date-entity, 1 -> 12, 23 -> 2007, a -> agree-01, 82 -> 8, d2 -> date-entity, r -> reflect-01, a2 -> agency, c -> country, f -> find-01, 22 -> 21, o -> official, c2 -> city, n2 -> name))),[Ljava.lang.String;@1d2adfbe,Annotation([Ljava.lang.String;@36902638,[Ljava.lang.String;@223d2c72,[Ljava.lang.String;@8f4ea7c),Annotation([Ljava.lang.String;@436813f3,[Ljava.lang.String;@74fe5c40,[Ledu.cmu.lti.nlp.amr.Dependency;@3febb011),Annotation([Ljava.lang.String;@10e31a9a,[Ljava.lang.String;@131774fe,[Ljava.lang.String;@158d2680),Annotation([Ljava.lang.String;@77847718,[Ljava.lang.String;@7f3b84b8,[Ledu.cmu.lti.nlp.amr.Entity;@57a3af25))
AMR:
(a / agree-01, ARG1, a2 / agency)
(b / begin-01, ARG0, o / official)
(b / begin-01, ARG1, w / week)
(b / begin-01, time, d / date-entity)
(b / begin-01, time, d2 / date-entity)
(c / country, name, n / name)
(c2 / city, name, n2 / name)
(d / date-entity, day, 1 / 12)
(d / date-entity, month, 8 / 8)
(d / date-entity, year, 2 / 2007)
(d2 / date-entity, day, 22 / 21)
(d2 / date-entity, month, 82 / 8)
(d2 / date-entity, year, 23 / 2007)
(f / find-01, ARG1, t / thing)
(h / have-org-role-91, ARG1, c / country)
(h / have-org-role-91, ARG2, o / official)
(n / name, op, "Iran")
(n2 / name, op, "Tehran")
(r / reflect-01, ARG0, t / thing)
(r / reflect-01, ARG1, b / begin-01)
(r / reflect-01, ARG2, a / agree-01)
(r / reflect-01, ARG3, c2 / city)

Decoded in 1,389,813 microseconds
Sentence: The accord said that there were no remaining issues and ambiguities regarding Iran's nuclear program and activities.

NER Entity: (country :name (name :op "Iran"))
NER Entity: (country :name (name :op "Iran"))
Spans:
Span 1-2:  accord => accord
Span 17-18:  activities => activity
Span 16-17:  and => and
Span 9-10:  and => and
Span 12-13:  Iran => (country :name (name :op "Iran"))
Span 8-9:  issues => issue
Span 6-7:  no => -
Span 14-15:  nuclear => nucleus
Span 15-16:  program => program
Span 7-8:  remaining => remain-01
Span 2-3:  said => say-01

Langrangian relaxation converged after 14 iterations. Delta = 0.0
Input(Some(Graph(null,ArrayBuffer(Span(17,18,List(0),activities,activity,false), Span(16,17,List(1),and,and,false), Span(15,16,List(2),program,program,false), Span(14,15,List(3),nuclear,nucleus,false), Span(12,13,List(6, 5, 4),Iran,(country :name (name :op "Iran")),false), Span(9,10,List(7),and,and,false), Span(8,9,List(8),issues,issue,false), Span(7,8,List(9),remaining,remain-01,false), Span(6,7,List(10),no,-,false), Span(2,3,List(11),said,say-01,false), Span(1,2,List(12),accord,accord,false)),Map(2 -> program, 5 -> name, 12 -> accord, 8 -> issue, 7 -> and, 1 -> and, 4 -> country, 11 -> say-01, 6 -> "Iran", 0 -> activity, 9 -> remain-01, 3 -> nucleus, 10 -> -),Map(n -> nucleus, s -> say-01, a3 -> and, p -> program, a -> activity, r -> remain-01, i -> issue, a2 -> and, - -> -, c -> country, n2 -> name, a4 -> accord))),[Ljava.lang.String;@2b662a77,Annotation([Ljava.lang.String;@7f0eb4b4,[Ljava.lang.String;@5c33f1a9,[Ljava.lang.String;@1623b78d),Annotation([Ljava.lang.String;@c8c12ac,[Ljava.lang.String;@6adbc9d,[Ledu.cmu.lti.nlp.amr.Dependency;@4550bb58),Annotation([Ljava.lang.String;@4ec4f3a0,[Ljava.lang.String;@223191a6,[Ljava.lang.String;@49139829),Annotation([Ljava.lang.String;@9597028,[Ljava.lang.String;@6069db50,[Ledu.cmu.lti.nlp.amr.Entity;@4efbca5a))
AMR:
(a2 / and, op, a / activity)
(a2 / and, op, p / program)
(a3 / and, op, c / country)
(a3 / and, op, i / issue)
(c / country, name, n2 / name)
(n2 / name, op, "Iran")
(p / program, mod, n / nucleus)
(p / program, poss, c / country)
(r / remain-01, ARG1, i / issue)
(r / remain-01, ARG6, - / -)
(s / say-01, ARG0, a4 / accord)
(s / say-01, ARG1, a2 / and)

Decoded in 228,332 microseconds
Sentence: According to an account by Reuters news agency the IAEA report said the work plan is a significant step forward.

NER Entity: (organization :name (name :op "Reuters"))
NER Entity: (organization :name (name :op "IAEA"))
NER Entity: (organization :name (name :op "IAEA"))
Spans:
Span 3-4:  account => account
Span 7-8:  agency => agency
Span 19-20:  forward => forward
Span 9-10:  IAEA => (organization :name (name :op "IAEA"))
Span 6-7:  news => news
Span 14-15:  plan => plan-01
Span 10-11:  report => report
Span 11-12:  said => say-01
Span 17-18:  significant => significant
Span 18-19:  step => step-01
Span 13-14:  work => work-01

Langrangian relaxation converged after 40 iterations. Delta = 0.0
Input(Some(Graph(null,ArrayBuffer(Span(19,20,List(0),forward,forward,false), Span(18,19,List(1),step,step-01,false), Span(17,18,List(2),significant,significant,false), Span(14,15,List(3),plan,plan-01,false), Span(13,14,List(4),work,work-01,false), Span(11,12,List(5),said,say-01,false), Span(10,11,List(6),report,report,false), Span(9,10,List(9, 8, 7),IAEA,(organization :name (name :op "IAEA")),false), Span(7,8,List(10),agency,agency,false), Span(6,7,List(11),news,news,false), Span(3,4,List(12),account,account,false)),Map(2 -> significant, 5 -> say-01, 12 -> account, 8 -> name, 7 -> organization, 1 -> step-01, 4 -> work-01, 11 -> news, 6 -> report, 0 -> forward, 9 -> "IAEA", 3 -> plan-01, 10 -> agency),Map(n -> name, w -> work-01, s2 -> significant, s -> step-01, p -> plan-01, a -> agency, a2 -> account, r -> report, s3 -> say-01, o -> organization, f -> forward, n2 -> news))),[Ljava.lang.String;@1b7cc17c,Annotation([Ljava.lang.String;@59662a0b,[Ljava.lang.String;@77fbd92c,[Ljava.lang.String;@67c27493),Annotation([Ljava.lang.String;@1a482e36,[Ljava.lang.String;@72967906,[Ledu.cmu.lti.nlp.amr.Dependency;@5b8dfcc1),Annotation([Ljava.lang.String;@2f9f7dcf,[Ljava.lang.String;@747ddf94,[Ljava.lang.String;@35e2d654),Annotation([Ljava.lang.String;@1bd4fdd,[Ljava.lang.String;@55183b20,[Ledu.cmu.lti.nlp.amr.Entity;@4f83df68))
AMR:
(a / agency, mod, n2 / news)
(a2 / account, poss, a / agency)
(n / name, op, "IAEA")
(o / organization, name, n / name)
(p / plan-01, ARG1, f / forward)
(p / plan-01, mod, s / step-01)
(r / report, poss, o / organization)
(s / step-01, ARG1, a / agency)
(s / step-01, mod, s2 / significant)
(s3 / say-01, ARG0, r / report)
(s3 / say-01, ARG1, s / step-01)
(w / work-01, ARG1, p / plan-01)

Decoded in 500,833 microseconds
Sentence: Reuters quoted a senior U.N. official as stating the Iranian government's efforts to enrich uranium had slowed.

NER Entity: (organization :name (name :op "Reuters"))
NER Entity: (organization :name (name :op "U.N."))
NER Entity: (thing :name (name :op "Iranian"))
NER Entity: (thing :name (name :op "Iranian"))
NER Entity: (organization :name (name :op "U.N."))
Spans:
Span 12-13:  efforts => effort
Span 14-15:  enrich => enrich-01
Span 10-11:  government => (government-organization :ARG0-of govern-01)
Span 9-10:  Iranian => (country :name (name :op "Iran"))
Span 5-6:  official => (have-org-role-91 :ARG2 official)
Span 1-2:  quoted => quote-01
Span 3-4:  senior => senior
Span 17-18:  slowed => slow-01
Span 7-8:  stating => state-01
Span 4-5:  U.N. => (have-org-role-91 :ARG1 (government-organization :name (name :op "U.N.")))
Span 15-16:  uranium => uranium

Langrangian relaxation converged after 51 iterations. Delta = 0.0
Input(Some(Graph(null,ArrayBuffer(Span(17,18,List(0),slowed,slow-01,false), Span(15,16,List(1),uranium,uranium,false), Span(14,15,List(2),enrich,enrich-01,false), Span(12,13,List(3),efforts,effort,false), Span(10,11,List(5, 4),government,(government-organization :ARG0-of govern-01),false), Span(9,10,List(8, 7, 6),Iranian,(country :name (name :op "Iran")),false), Span(7,8,List(9),stating,state-01,false), Span(5,6,List(11, 10),official,(have-org-role-91 :ARG2 official),false), Span(4,5,List(15, 14, 13, 12),U.N.,(have-org-role-91 :ARG1 (government-organization :name (name :op "U.N."))),false), Span(3,4,List(16),senior,senior,false), Span(1,2,List(17),quoted,quote-01,false)),Map(2 -> enrich-01, 5 -> govern-01, 12 -> have-org-role-91, 15 -> "U.N.", 8 -> "Iran", 7 -> name, 17 -> quote-01, 1 -> uranium, 4 -> government-organization, 11 -> official, 14 -> name, 6 -> country, 0 -> slow-01, 9 -> state-01, 16 -> senior, 3 -> effort, 10 -> have-org-role-91, 13 -> government-organization),Map(e -> enrich-01, n -> name, h -> have-org-role-91, g3 -> government-organization, q -> quote-01, s2 -> state-01, h2 -> have-org-role-91, e2 -> effort, s -> slow-01, g2 -> govern-01, g -> government-organization, s3 -> senior, c -> country, u -> uranium, o -> official, n2 -> name))),[Ljava.lang.String;@6cf0e0ba,Annotation([Ljava.lang.String;@7d8995e,[Ljava.lang.String;@130d63be,[Ljava.lang.String;@42a48628),Annotation([Ljava.lang.String;@293a5bf6,[Ljava.lang.String;@6aeb35e6,[Ledu.cmu.lti.nlp.amr.Dependency;@1283bb96),Annotation([Ljava.lang.String;@74f0ea28,[Ljava.lang.String;@f6efaab,[Ljava.lang.String;@3c19aaa5),Annotation([Ljava.lang.String;@3349e9bb,[Ljava.lang.String;@409bf450,[Ledu.cmu.lti.nlp.amr.Entity;@38d8f54a))
AMR:
(c / country, name, n / name)
(e / enrich-01, ARG1, u / uranium)
(e2 / effort, poss, g / government-organization)
(g2 / govern-01, ARG0, g / government-organization)
(g2 / govern-01, ARG1, c / country)
(g3 / government-organization, name, n2 / name)
(h / have-org-role-91, ARG1, g3 / government-organization)
(h / have-org-role-91, ARG2, o / official)
(h2 / have-org-role-91, ARG1, g3 / government-organization)
(n / name, op, "Iran")
(n2 / name, op, "U.N.")
(o / official, mod, s3 / senior)
(q / quote-01, ARG1, h / have-org-role-91)
(q / quote-01, ARG2, s2 / state-01)
(s / slow-01, ARG1, u / uranium)
(s2 / state-01, ARG1, e2 / effort)
(s2 / state-01, ARG2, e / enrich-01)

Decoded in 1,069,754 microseconds
Sentence: The IAEA report stated that Iranian officials must continue to build confidence about the scope and nature of Iran's present and future nuclear program.

NER Entity: (organization :name (name :op "IAEA"))
NER Entity: (thing :name (name :op "Iranian"))
NER Entity: (country :name (name :op "Iran"))
NER Entity: (country :name (name :op "Iran"))
NER Entity: (thing :name (name :op "Iranian"))
NER Entity: (organization :name (name :op "IAEA"))
Spans:
Span 12-13:  about => about
Span 21-22:  and => and
Span 15-16:  and => and
Span 10-11:  build => build-01
Span 11-12:  confidence => confidence
Span 8-9:  continue => continue-01
Span 22-23:  future => future
Span 1-2:  IAEA => (organization :name (name :op "IAEA"))
Span 18-19:  Iran => (country :name (name :op "Iran"))
Span 5-6:  Iranian => (country :name (name :op "Iran"))
Span 16-17:  nature => nature
Span 23-24:  nuclear => nucleus
Span 6-7:  officials => (have-org-role-91 :ARG2 official)
Span 20-21:  present => present
Span 24-25:  program => program
Span 2-3:  report => report
Span 3-4:  stated => state-01

Langrangian relaxation converged after 41 iterations. Delta = 0.0
Input(Some(Graph(null,ArrayBuffer(Span(24,25,List(0),program,program,false), Span(23,24,List(1),nuclear,nucleus,false), Span(22,23,List(2),future,future,false), Span(21,22,List(3),and,and,false), Span(20,21,List(4),present,present,false), Span(18,19,List(7, 6, 5),Iran,(country :name (name :op "Iran")),false), Span(16,17,List(8),nature,nature,false), Span(15,16,List(9),and,and,false), Span(12,13,List(10),about,about,false), Span(11,12,List(11),confidence,confidence,false), Span(10,11,List(12),build,build-01,false), Span(8,9,List(13),continue,continue-01,false), Span(6,7,List(15, 14),officials,(have-org-role-91 :ARG2 official),false), Span(5,6,List(18, 17, 16),Iranian,(country :name (name :op "Iran")),false), Span(3,4,List(19),stated,state-01,false), Span(2,3,List(20),report,report,false), Span(1,2,List(23, 22, 21),IAEA,(organization :name (name :op "IAEA")),false)),Map(2 -> future, 5 -> country, 12 -> build-01, 15 -> official, 8 -> nature, 21 -> organization, 18 -> "Iran", 7 -> "Iran", 17 -> name, 1 -> nucleus, 23 -> "IAEA", 4 -> present, 11 -> confidence, 14 -> have-org-role-91, 20 -> report, 6 -> name, 22 -> name, 0 -> program, 9 -> and, 16 -> country, 19 -> state-01, 3 -> and, 10 -> about, 13 -> continue-01),Map(n -> nucleus, h -> have-org-role-91, b -> build-01, p2 -> present, n4 -> name, c4 -> country, a3 -> about, s -> state-01, p -> program, a -> and, n3 -> nature, c3 -> continue-01, o2 -> organization, r -> report, a2 -> and, c -> country, f -> future, o -> official, n2 -> name, c2 -> confidence, n5 -> name))),[Ljava.lang.String;@49e53c76,Annotation([Ljava.lang.String;@351d00c0,[Ljava.lang.String;@2a3b5b47,[Ljava.lang.String;@55b699ef),Annotation([Ljava.lang.String;@35d019a3,[Ljava.lang.String;@689604d9,[Ledu.cmu.lti.nlp.amr.Dependency;@18078bef),Annotation([Ljava.lang.String;@799f10e1,[Ljava.lang.String;@4c371370,[Ljava.lang.String;@145f66e3),Annotation([Ljava.lang.String;@3023df74,[Ljava.lang.String;@313ac989,[Ledu.cmu.lti.nlp.amr.Entity;@4562e04d))
AMR:
(a / and, op, n3 / nature)
(a / and, op, p2 / present)
(a2 / and, op, n3 / nature)
(a3 / about, op, a2 / and)
(b / build-01, ARG0, o / official)
(b / build-01, ARG1, c2 / confidence)
(c / country, name, n2 / name)
(c2 / confidence, location, a3 / about)
(c3 / continue-01, ARG1, b / build-01)
(c4 / country, name, n4 / name)
(h / have-org-role-91, ARG1, c4 / country)
(h / have-org-role-91, ARG2, o / official)
(n2 / name, op, "Iran")
(n4 / name, op, "Iran")
(n5 / name, op, "IAEA")
(o2 / organization, name, n5 / name)
(p / program, mod, n / nucleus)
(p / program, poss, c / country)
(p / program, time, f / future)
(p2 / present, poss, c / country)
(r / report, poss, o2 / organization)
(s / state-01, ARG0, r / report)
(s / state-01, ARG1, c3 / continue-01)

Decoded in 1,400,278 microseconds
Sentence: Iranian officials on 30 August 2007 stated cooperation with the IAEA possibly to prevent a further round of international sanctions.

NER Entity: (thing :name (name :op "Iranian"))
mkDayMonthYear(30	August	2007,30,August,2007)
NER Entity: (organization :name (name :op "IAEA"))
NER Entity: (organization :name (name :op "IAEA"))
NER Entity: (thing :name (name :op "Iranian"))
Spans:
Span 3-6:  30 August 2007 => (date-entity :day 30 :month 8 :year 2007)
Span 7-8:  cooperation => cooperate-01
Span 15-16:  further => further
Span 10-11:  IAEA => (organization :name (name :op "IAEA"))
Span 18-19:  international => international
Span 0-1:  Iranian => (country :name (name :op "Iran"))
Span 1-2:  officials => (have-org-role-91 :ARG2 official)
Span 11-12:  possibly => possible
Span 13-14:  prevent => prevent-01
Span 16-17:  round => round
Span 19-20:  sanctions => sanction-02
Span 6-7:  stated => state-01

Langrangian relaxation converged after 30 iterations. Delta = 0.0
Input(Some(Graph(null,ArrayBuffer(Span(19,20,List(0),sanctions,sanction-02,false), Span(18,19,List(1),international,international,false), Span(16,17,List(2),round,round,false), Span(15,16,List(3),further,further,false), Span(13,14,List(4),prevent,prevent-01,false), Span(11,12,List(5),possibly,possible,false), Span(10,11,List(8, 7, 6),IAEA,(organization :name (name :op "IAEA")),false), Span(7,8,List(9),cooperation,cooperate-01,false), Span(6,7,List(10),stated,state-01,false), Span(3,6,List(14, 13, 12, 11),30 August 2007,(date-entity :day 30 :month 8 :year 2007),false), Span(1,2,List(16, 15),officials,(have-org-role-91 :ARG2 official),false), Span(0,1,List(19, 18, 17),Iranian,(country :name (name :op "Iran")),false)),Map(2 -> round, 5 -> possible, 12 -> 30, 15 -> have-org-role-91, 8 -> "IAEA", 18 -> name, 7 -> name, 17 -> country, 1 -> international, 4 -> prevent-01, 11 -> date-entity, 14 -> 2007, 6 -> organization, 0 -> sanction-02, 9 -> cooperate-01, 16 -> official, 19 -> "Iran", 3 -> further, 10 -> state-01, 13 -> 8),Map(n -> name, h -> have-org-role-91, 2 -> 2007, s2 -> state-01, 8 -> 8, p2 -> possible, s -> sanction-02, d -> date-entity, p -> prevent-01, o2 -> official, i -> international, r -> round, c -> cooperate-01, f -> further, o -> organization, 3 -> 30, n2 -> name, c2 -> country))),[Ljava.lang.String;@2a65fe7c,Annotation([Ljava.lang.String;@4135c3b,[Ljava.lang.String;@6302bbb1,[Ljava.lang.String;@31304f14),Annotation([Ljava.lang.String;@34a3d150,[Ljava.lang.String;@2a4fb17b,[Ledu.cmu.lti.nlp.amr.Dependency;@5c6648b0),Annotation([Ljava.lang.String;@6f1de4c7,[Ljava.lang.String;@459e9125,[Ljava.lang.String;@128d2484),Annotation([Ljava.lang.String;@7cc0cdad,[Ljava.lang.String;@7c7b252e,[Ledu.cmu.lti.nlp.amr.Entity;@4d5d943d))
AMR:
(c / cooperate-01, ARG0, o / organization)
(c / cooperate-01, ARG1, p / prevent-01)
(c2 / country, name, n2 / name)
(d / date-entity, day, 3 / 30)
(d / date-entity, month, 8 / 8)
(d / date-entity, year, 2 / 2007)
(h / have-org-role-91, ARG1, c2 / country)
(h / have-org-role-91, ARG2, o2 / official)
(h / have-org-role-91, time, d / date-entity)
(n / name, op, "IAEA")
(n2 / name, op, "Iran")
(o / organization, name, n / name)
(p / prevent-01, ARG1, r / round)
(p / prevent-01, mod, p2 / possible)
(r / round, mod, f / further)
(s / sanction-02, ARG1, c2 / country)
(s / sanction-02, mod, i / international)
(s2 / state-01, ARG1, c / cooperate-01)
(s2 / state-01, time, d / date-entity)

Decoded in 830,315 microseconds
Sentence: Iran's representative to the IAEA Ali Asghar SOLTANIEH stated to Tehran's Fars news agency that the report emphasized that there exists no sign or evidence indicating diversion of Iran's nuclear activities and that all of Iran's nuclear materials have been audited.

NER Entity: (country :name (name :op "Iran"))
NER Entity: (organization :name (name :op "IAEA"))
NER Entity: (person :name (name :op "Ali" :op "Asghar"))
NER Entity: (country :name (name :op "Tehran"))
NER Entity: (organization :name (name :op "Fars"))
NER Entity: (country :name (name :op "Iran"))
NER Entity: (country :name (name :op "Iran"))
NER Entity: (country :name (name :op "Iran"))
NER Entity: (country :name (name :op "Iran"))
NER Entity: (country :name (name :op "Tehran"))
NER Entity: (organization :name (name :op "IAEA"))
NER Entity: (country :name (name :op "Iran"))
Spans:
Span 33-34:  activities => activity
Span 15-16:  agency => agency
Span 6-8:  Ali Asghar => (person :name (name :op "Ali" :op "Asghar"))
Span 36-37:  all => all
Span 34-35:  and => and
Span 26-27:  evidence => (thing :ARG0-of evidence-01)
Span 5-6:  IAEA => (organization :name (name :op "IAEA"))
Span 38-39:  Iran => (country :name (name :op "Iran"))
Span 30-31:  Iran => (country :name (name :op "Iran"))
Span 0-1:  Iran => (country :name (name :op "Iran"))
Span 41-42:  materials => material
Span 14-15:  news => news
Span 23-24:  no => -
Span 40-41:  nuclear => nucleus
Span 32-33:  nuclear => nucleus
Span 25-26:  or => or
Span 18-19:  report => report
Span 2-3:  representative => represent-01
Span 24-25:  sign => sign-02
Span 9-10:  stated => state-01
Span 11-12:  Tehran => (city :name (name :op "Tehran"))

Langrangian relaxation converged after 16 iterations. Delta = 0.0
Input(Some(Graph(null,ArrayBuffer(Span(41,42,List(0),materials,material,false), Span(40,41,List(1),nuclear,nucleus,false), Span(38,39,List(4, 3, 2),Iran,(country :name (name :op "Iran")),false), Span(36,37,List(5),all,all,false), Span(34,35,List(6),and,and,false), Span(33,34,List(7),activities,activity,false), Span(32,33,List(8),nuclear,nucleus,false), Span(30,31,List(11, 10, 9),Iran,(country :name (name :op "Iran")),false), Span(26,27,List(13, 12),evidence,(thing :ARG0-of evidence-01),false), Span(25,26,List(14),or,or,false), Span(24,25,List(15),sign,sign-02,false), Span(23,24,List(16),no,-,false), Span(18,19,List(17),report,report,false), Span(15,16,List(18),agency,agency,false), Span(14,15,List(19),news,news,false), Span(11,12,List(22, 21, 20),Tehran,(city :name (name :op "Tehran")),false), Span(9,10,List(23),stated,state-01,false), Span(6,8,List(27, 26, 25, 24),Ali Asghar,(person :name (name :op "Ali" :op "Asghar")),false), Span(5,6,List(30, 29, 28),IAEA,(organization :name (name :op "IAEA")),false), Span(2,3,List(31),representative,represent-01,false), Span(0,1,List(34, 33, 32),Iran,(country :name (name :op "Iran")),false)),Map(30 -> "IAEA", 2 -> country, 5 -> all, 33 -> name, 27 -> "Asghar", 12 -> thing, 8 -> nucleus, 15 -> sign-02, 21 -> name, 18 -> agency, 24 -> person, 7 -> activity, 1 -> nucleus, 17 -> report, 23 -> state-01, 26 -> "Ali", 4 -> "Iran", 11 -> "Iran", 32 -> country, 14 -> or, 29 -> name, 20 -> city, 34 -> "Iran", 28 -> organization, 6 -> and, 9 -> country, 0 -> material, 22 -> "Tehran", 16 -> -, 19 -> news, 10 -> name, 3 -> name, 31 -> represent-01, 25 -> name, 13 -> evidence-01),Map(e -> evidence-01, n -> nucleus, s2 -> state-01, t -> thing, n7 -> name, c4 -> country, n4 -> name, a3 -> activity, s -> sign-02, m -> material, r2 -> represent-01, p -> person, n3 -> nucleus, a -> all, c3 -> city, n6 -> name, o2 -> organization, n9 -> name, a2 -> and, r -> report, - -> -, c -> country, n8 -> name, o -> or, c2 -> country, n2 -> name, a4 -> agency, n5 -> news))),[Ljava.lang.String;@368f2016,Annotation([Ljava.lang.String;@4c583ecf,[Ljava.lang.String;@692f203f,[Ljava.lang.String;@48f2bd5b),Annotation([Ljava.lang.String;@7b2bbc3,[Ljava.lang.String;@a1153bc,[Ledu.cmu.lti.nlp.amr.Dependency;@1aafa419),Annotation([Ljava.lang.String;@47eaca72,[Ljava.lang.String;@55141def,[Ljava.lang.String;@55182842),Annotation([Ljava.lang.String;@3270d194,[Ljava.lang.String;@235834f2,[Ledu.cmu.lti.nlp.amr.Entity;@5656be13))
AMR:
(a2 / and, op, a3 / activity)
(a2 / and, op, c / country)
(a2 / and, op, r / report)
(a2 / and, op, t / thing)
(a3 / activity, mod, n3 / nucleus)
(a3 / activity, poss, c2 / country)
(a4 / agency, mod, n5 / news)
(a4 / agency, poss, c3 / city)
(c / country, name, n2 / name)
(c2 / country, name, n4 / name)
(c3 / city, name, n6 / name)
(c4 / country, name, n9 / name)
(e / evidence-01, ARG0, t / thing)
(e / evidence-01, ARG1, n / nucleus)
(m / material, poss, c / country)
(n2 / name, op, "Iran")
(n4 / name, op, "Iran")
(n6 / name, op, "Tehran")
(n7 / name, op, "Ali")
(n7 / name, op, "Asghar")
(n8 / name, op, "IAEA")
(n9 / name, op, "Iran")
(o / or, op, s / sign-02)
(o / or, op, t / thing)
(o2 / organization, name, n8 / name)
(p / person, name, n7 / name)
(p / person, poss, o2 / organization)
(r2 / represent-01, ARG0, c4 / country)
(r2 / represent-01, ARG1, o2 / organization)
(s / sign-02, ARG1, a / all)
(s / sign-02, ARG6, - / -)
(s2 / state-01, ARG0, r2 / represent-01)
(s2 / state-01, ARG1, a2 / and)
(s2 / state-01, ARG2, a4 / agency)

Decoded in 1,268,347 microseconds
Sentence: Some Nonproliferation Experts stated the IAEA was ceding too much to Iran.

NER Entity: (organization :name (name :op "IAEA"))
NER Entity: (country :name (name :op "Iran"))
NER Entity: (country :name (name :op "Iran"))
NER Entity: (organization :name (name :op "IAEA"))
Spans:
Span 2-3:  Experts => (person :ARG1-of expert-41)
Span 5-6:  IAEA => (organization :name (name :op "IAEA"))
Span 11-12:  Iran => (country :name (name :op "Iran"))
Span 9-10:  much => much
Span 0-1:  Some => some
Span 3-4:  stated => state-01
Span 8-9:  too => too

Langrangian relaxation converged after 45 iterations. Delta = 0.0
Input(Some(Graph(null,ArrayBuffer(Span(11,12,List(2, 1, 0),Iran,(country :name (name :op "Iran")),false), Span(9,10,List(3),much,much,false), Span(8,9,List(4),too,too,false), Span(5,6,List(7, 6, 5),IAEA,(organization :name (name :op "IAEA")),false), Span(3,4,List(8),stated,state-01,false), Span(2,3,List(10, 9),Experts,(person :ARG1-of expert-41),false), Span(0,1,List(11),Some,some,false)),Map(2 -> "Iran", 5 -> organization, 8 -> state-01, 7 -> "IAEA", 1 -> name, 11 -> some, 4 -> too, 6 -> name, 9 -> person, 0 -> country, 10 -> expert-41, 3 -> much),Map(e -> expert-41, n -> name, s2 -> some, t -> too, s -> state-01, m -> much, p -> person, c -> country, o -> organization, n2 -> name))),[Ljava.lang.String;@14cd1699,Annotation([Ljava.lang.String;@77888435,[Ljava.lang.String;@73a1e9a9,[Ljava.lang.String;@71d44a3),Annotation([Ljava.lang.String;@7b98f307,[Ljava.lang.String;@4802796d,[Ledu.cmu.lti.nlp.amr.Dependency;@34123d65),Annotation([Ljava.lang.String;@59474f18,[Ljava.lang.String;@65fb9ffc,[Ljava.lang.String;@3e694b3f),Annotation([Ljava.lang.String;@1bb5a082,[Ljava.lang.String;@78691363,[Ledu.cmu.lti.nlp.amr.Entity;@41d477ed))
AMR:
(c / country, name, n / name)
(e / expert-41, ARG1, p / person)
(e / expert-41, ARG6, s2 / some)
(m / much, degree, t / too)
(n / name, op, "Iran")
(n2 / name, op, "IAEA")
(o / organization, mod, c / country)
(o / organization, name, n2 / name)
(s / state-01, ARG0, p / person)
(s / state-01, ARG1, o / organization)
(s / state-01, ARG6, t / too)

Decoded in 437,100 microseconds
Sentence: Arms-control experts David Albright and Jacqueline Shire of the Washington-based Institute for Science and International Security wrote in a criticism published the week of 19 August 2007 that the idea of closing files violates fundamental safeguards principles and that the agreement does not specify that Iranian officials would provide the IAEA access to key people, facilities, and documents that are needed to verify Iranian answers to the IAEA's questions.

NER Entity: (person :name (name :op "David" :op "Albright"))
NER Entity: (person :name (name :op "Jacqueline" :op "Shire"))
NER Entity: (organization :name (name :op "Washington" :op "-" :op "based" :op "Institute" :op "for" :op "Science" :op "and" :op "International" :op "Security"))
mkDayMonthYear(19	August	2007,19,August,2007)
NER Entity: (thing :name (name :op "Iranian"))
NER Entity: (organization :name (name :op "IAEA"))
NER Entity: (thing :name (name :op "Iranian"))
NER Entity: (organization :name (name :op "IAEA"))
NER Entity: (organization :name (name :op "IAEA"))
NER Entity: (organization :name (name :op "IAEA"))
Spans:
Span 28-31:  19 August 2007 => (date-entity :day 19 :month 8 :year 2007)
Span 55-56:  access => access-01
Span 44-45:  agreement => agree-01
Span 5-7:  Albright and => (person :name (name :op "Jacqueline" :op "Shire"))
Span 62-63:  and => and
Span 41-42:  and => and
Span 17-18:  and => and
Span 0-1:  Arms => arms
Span 35-36:  closing => close-01
Span 2-4:  control experts => (person :name (name :op "David" :op "Albright"))
Span 23-24:  criticism => criticize-01
Span 63-64:  documents => document
Span 60-61:  facilities => facility
Span 36-37:  files => file
Span 38-39:  fundamental => fundamental
Span 73-74:  IAEA => (organization :name (name :op "IAEA"))
Span 54-55:  IAEA => (organization :name (name :op "IAEA"))
Span 33-34:  idea => idea
Span 18-19:  International => international
Span 69-70:  Iranian => (country :name (name :op "Iran"))
Span 49-50:  Iranian => (country :name (name :op "Iran"))
Span 57-58:  key => key
Span 66-67:  needed => need-01
Span 9-16:  of the Washington - based Institute for => (organization :name (name :op "Washington" :op "-" :op "based" :op "Institute" :op "for" :op "Science" :op "and" :op "International" :op "Security"))
Span 50-51:  officials => (have-org-role-91 :ARG2 official)
Span 58-59:  people => people
Span 40-41:  principles => principle
Span 52-53:  provide => provide-01
Span 24-25:  published => publish-01
Span 75-76:  questions => question
Span 39-40:  safeguards => safeguard-01
Span 47-48:  specify => specify-01
Span 68-69:  verify => verify-01
Span 26-27:  week => week
Span 20-21:  wrote => write-01

Langrangian relaxation converged after 71 iterations. Delta = 0.0
Input(Some(Graph(null,ArrayBuffer(Span(75,76,List(0),questions,question,false), Span(73,74,List(3, 2, 1),IAEA,(organization :name (name :op "IAEA")),false), Span(69,70,List(6, 5, 4),Iranian,(country :name (name :op "Iran")),false), Span(68,69,List(7),verify,verify-01,false), Span(66,67,List(8),needed,need-01,false), Span(63,64,List(9),documents,document,false), Span(62,63,List(10),and,and,false), Span(60,61,List(11),facilities,facility,false), Span(58,59,List(12),people,people,false), Span(57,58,List(13),key,key,false), Span(55,56,List(14),access,access-01,false), Span(54,55,List(17, 16, 15),IAEA,(organization :name (name :op "IAEA")),false), Span(52,53,List(18),provide,provide-01,false), Span(50,51,List(20, 19),officials,(have-org-role-91 :ARG2 official),false), Span(49,50,List(23, 22, 21),Iranian,(country :name (name :op "Iran")),false), Span(47,48,List(24),specify,specify-01,false), Span(44,45,List(25),agreement,agree-01,false), Span(41,42,List(26),and,and,false), Span(40,41,List(27),principles,principle,false), Span(39,40,List(28),safeguards,safeguard-01,false), Span(38,39,List(29),fundamental,fundamental,false), Span(36,37,List(30),files,file,false), Span(35,36,List(31),closing,close-01,false), Span(33,34,List(32),idea,idea,false), Span(28,31,List(36, 35, 34, 33),19 August 2007,(date-entity :day 19 :month 8 :year 2007),false), Span(26,27,List(37),week,week,false), Span(24,25,List(38),published,publish-01,false), Span(23,24,List(39),criticism,criticize-01,false), Span(20,21,List(40),wrote,write-01,false), Span(18,19,List(41),International,international,false), Span(17,18,List(42),and,and,false), Span(9,16,List(53, 52, 51, 50, 49, 48, 47, 46, 45, 44, 43),of the Washington - based Institute for,(organization :name (name :op "Washington" :op "-" :op "based" :op "Institute" :op "for" :op "Science" :op "and" :op "International" :op "Security")),false), Span(5,7,List(57, 56, 55, 54),Albright and,(person :name (name :op "Jacqueline" :op "Shire")),false), Span(2,4,List(61, 60, 59, 58),control experts,(person :name (name :op "David" :op "Albright")),false), Span(0,1,List(62),Arms,arms,false)),Map(57 -> "Shire", 30 -> file, 39 -> criticize-01, 45 -> "Washington", 51 -> "and", 2 -> name, 5 -> name, 48 -> "Institute", 33 -> date-entity, 27 -> principle, 54 -> person, 12 -> people, 60 -> "David", 8 -> need-01, 15 -> organization, 42 -> and, 36 -> 2007, 21 -> country, 18 -> provide-01, 24 -> specify-01, 53 -> "Security", 35 -> 8, 41 -> international, 62 -> arms, 56 -> "Jacqueline", 7 -> verify-01, 59 -> name, 17 -> "IAEA", 1 -> organization, 50 -> "Science", 44 -> name, 23 -> "Iran", 38 -> publish-01, 47 -> "based", 4 -> country, 26 -> and, 11 -> facility, 32 -> idea, 14 -> access-01, 20 -> official, 29 -> fundamental, 46 -> "-", 52 -> "International", 34 -> 19, 6 -> "Iran", 28 -> safeguard-01, 55 -> name, 40 -> write-01, 61 -> "Albright", 49 -> "for", 0 -> question, 9 -> document, 43 -> organization, 22 -> name, 58 -> person, 16 -> name, 37 -> week, 19 -> have-org-role-91, 3 -> "IAEA", 10 -> and, 25 -> agree-01, 31 -> close-01, 13 -> key),Map(w -> week, n -> name, h -> have-org-role-91, 2 -> 2007, q -> question, p5 -> person, s2 -> safeguard-01, k -> key, 8 -> 8, o3 -> official, n7 -> name, p2 -> provide-01, c4 -> criticize-01, n4 -> name, a3 -> agree-01, s -> specify-01, a6 -> arms, v -> verify-01, d -> document, 1 -> 19, p -> people, c3 -> close-01, a -> and, n3 -> need-01, p4 -> publish-01, n6 -> name, a5 -> and, d2 -> date-entity, o2 -> organization, f3 -> file, i2 -> international, w2 -> write-01, i -> idea, a2 -> access-01, c -> country, p6 -> person, f2 -> fundamental, n8 -> name, f -> facility, o -> organization, o4 -> organization, p3 -> principle, n2 -> name, c2 -> country, a4 -> and, n5 -> name))),[Ljava.lang.String;@3590fc5b,Annotation([Ljava.lang.String;@397fbdb,[Ljava.lang.String;@33d512c1,[Ljava.lang.String;@515c6049),Annotation([Ljava.lang.String;@639c2c1d,[Ljava.lang.String;@5fe94a96,[Ledu.cmu.lti.nlp.amr.Dependency;@443118b0),Annotation([Ljava.lang.String;@765d7657,[Ljava.lang.String;@74235045,[Ljava.lang.String;@618b19ad),Annotation([Ljava.lang.String;@2d3379b4,[Ljava.lang.String;@30c15d8b,[Ledu.cmu.lti.nlp.amr.Entity;@5e0e82ae))
AMR:
(a / and, op, c4 / criticize-01)
(a / and, op, f / facility)
(a2 / access-01, ARG0, o2 / organization)
(a2 / access-01, ARG1, p / people)
(a3 / agree-01, ARG1, o4 / organization)
(a4 / and, op, p3 / principle)
(a4 / and, op, s / specify-01)
(a4 / and, time, d2 / date-entity)
(a5 / and, op, i2 / international)
(a6 / arms, direction, p6 / person)
(c / country, name, n2 / name)
(c2 / country, name, n5 / name)
(c3 / close-01, ARG1, f3 / file)
(c4 / criticize-01, ARG0, p5 / person)
(c4 / criticize-01, ARG1, f3 / file)
(d2 / date-entity, day, 1 / 19)
(d2 / date-entity, month, 8 / 8)
(d2 / date-entity, year, 2 / 2007)
(h / have-org-role-91, ARG1, c2 / country)
(h / have-org-role-91, ARG2, o3 / official)
(n / name, op, "IAEA")
(n2 / name, op, "Iran")
(n3 / need-01, ARG0, a / and)
(n3 / need-01, ARG1, d / document)
(n3 / need-01, purpose, v / verify-01)
(n4 / name, op, "IAEA")
(n5 / name, op, "Iran")
(n6 / name, op, "-")
(n6 / name, op, "Institute")
(n6 / name, op, "International")
(n6 / name, op, "Science")
(n6 / name, op, "Security")
(n6 / name, op, "Washington")
(n6 / name, op, "and")
(n6 / name, op, "based")
(n6 / name, op, "for")
(n7 / name, op, "Jacqueline")
(n7 / name, op, "Shire")
(n8 / name, op, "Albright")
(n8 / name, op, "David")
(o / organization, name, n / name)
(o2 / organization, name, n4 / name)
(o4 / organization, name, n6 / name)
(p / people, mod, k / key)
(p2 / provide-01, ARG0, o3 / official)
(p2 / provide-01, ARG1, a2 / access-01)
(p2 / provide-01, ARG2, c / country)
(p3 / principle, mod, f2 / fundamental)
(p4 / publish-01, ARG0, a4 / and)
(p4 / publish-01, ARG1, w / week)
(p4 / publish-01, ARG6, c4 / criticize-01)
(p5 / person, name, n7 / name)
(p6 / person, name, n7 / name)
(p6 / person, name, n8 / name)
(q / question, poss, o / organization)
(s / specify-01, ARG0, i / idea)
(s / specify-01, ARG1, a3 / agree-01)
(s / specify-01, ARG6, p2 / provide-01)
(s2 / safeguard-01, ARG1, p3 / principle)
(v / verify-01, ARG1, q / question)
(w2 / write-01, ARG0, p5 / person)
(w2 / write-01, ARG1, a5 / and)

Decoded in 10,473,009 microseconds
Sentence: Independent experts stated Iran's latest agreement with the IAEA which gives inspectors access to more nuclear sites and information falls short of the West's demand to halt the production of concentrated uranium that could potentially be used for a bomb.

NER Entity: (country :name (name :op "Iran"))
NER Entity: (organization :name (name :op "IAEA"))
NER Entity: (organization :name (name :op "IAEA"))
NER Entity: (country :name (name :op "Iran"))
Spans:
Span 13-14:  access => access-01
Span 6-7:  agreement => agree-01
Span 18-19:  and => and
Span 41-42:  bomb => bomb
Span 32-33:  concentrated => concentrate-02
Span 35-36:  could => possible
Span 26-27:  demand => demand-01
Span 1-2:  experts => (have-org-role-91 :ARG2 (person :ARG1-of expert-41))
Span 11-12:  gives => give-01
Span 28-29:  halt => halt-01
Span 9-10:  IAEA => (organization :name (name :op "IAEA"))
Span 19-20:  information => information
Span 12-13:  inspectors => (person :ARG0-of inspect-01)
Span 3-4:  Iran => (country :name (name :op "Iran"))
Span 5-6:  latest => (late :degree most)
Span 15-16:  more => more
Span 16-17:  nuclear => nucleus
Span 36-37:  potentially => potential
Span 30-31:  production => produce-01
Span 21-22:  short => short
Span 17-18:  sites => site
Span 2-3:  stated => state-01
Span 33-34:  uranium => uranium
Span 38-39:  used => use-01
Span 24-25:  West => (world-region :name (name :op "West"))

Langrangian relaxation converged after 40 iterations. Delta = 0.0
Input(Some(Graph(null,ArrayBuffer(Span(41,42,List(0),bomb,bomb,false), Span(38,39,List(1),used,use-01,false), Span(36,37,List(2),potentially,potential,false), Span(35,36,List(3),could,possible,false), Span(33,34,List(4),uranium,uranium,false), Span(32,33,List(5),concentrated,concentrate-02,false), Span(30,31,List(6),production,produce-01,false), Span(28,29,List(7),halt,halt-01,false), Span(26,27,List(8),demand,demand-01,false), Span(24,25,List(11, 10, 9),West,(world-region :name (name :op "West")),false), Span(21,22,List(12),short,short,false), Span(19,20,List(13),information,information,false), Span(18,19,List(14),and,and,false), Span(17,18,List(15),sites,site,false), Span(16,17,List(16),nuclear,nucleus,false), Span(15,16,List(17),more,more,false), Span(13,14,List(18),access,access-01,false), Span(12,13,List(20, 19),inspectors,(person :ARG0-of inspect-01),false), Span(11,12,List(21),gives,give-01,false), Span(9,10,List(24, 23, 22),IAEA,(organization :name (name :op "IAEA")),false), Span(6,7,List(25),agreement,agree-01,false), Span(5,6,List(27, 26),latest,(late :degree most),false), Span(3,4,List(30, 29, 28),Iran,(country :name (name :op "Iran")),false), Span(2,3,List(31),stated,state-01,false), Span(1,2,List(34, 33, 32),experts,(have-org-role-91 :ARG2 (person :ARG1-of expert-41)),false)),Map(30 -> "Iran", 2 -> potential, 5 -> concentrate-02, 33 -> person, 27 -> most, 12 -> short, 8 -> demand-01, 15 -> site, 21 -> give-01, 18 -> access-01, 24 -> "IAEA", 7 -> halt-01, 1 -> use-01, 17 -> more, 23 -> name, 26 -> late, 4 -> uranium, 11 -> "West", 32 -> have-org-role-91, 14 -> and, 29 -> name, 20 -> inspect-01, 34 -> expert-41, 28 -> country, 6 -> produce-01, 9 -> world-region, 0 -> bomb, 22 -> organization, 16 -> nucleus, 19 -> person, 10 -> name, 3 -> possible, 31 -> state-01, 25 -> agree-01, 13 -> information),Map(e -> expert-41, n -> name, w -> world-region, h -> halt-01, p5 -> person, h2 -> have-org-role-91, s2 -> site, b -> bomb, m2 -> most, p2 -> possible, n4 -> name, a3 -> agree-01, u2 -> uranium, s -> short, d -> demand-01, m -> more, p -> potential, g -> give-01, a -> and, n3 -> name, p4 -> person, i2 -> inspect-01, i -> information, a2 -> access-01, c -> concentrate-02, s3 -> state-01, u -> use-01, l -> late, o -> organization, p3 -> produce-01, c2 -> country, n2 -> nucleus))),[Ljava.lang.String;@6771beb3,Annotation([Ljava.lang.String;@51399530,[Ljava.lang.String;@6b2ea799,[Ljava.lang.String;@411f53a0),Annotation([Ljava.lang.String;@2b71e916,[Ljava.lang.String;@36fc695d,[Ledu.cmu.lti.nlp.amr.Dependency;@28701274),Annotation([Ljava.lang.String;@13c9d689,[Ljava.lang.String;@3754a4bf,[Ljava.lang.String;@62379589),Annotation([Ljava.lang.String;@4afcd809,[Ljava.lang.String;@175c2241,[Ledu.cmu.lti.nlp.amr.Entity;@5bf0d49))
AMR:
(a / and, mod, s / short)
(a / and, op, i / information)
(a / and, op, s3 / state-01)
(a2 / access-01, ARG1, s2 / site)
(a3 / agree-01, ARG0, c2 / country)
(a3 / agree-01, ARG1, n2 / nucleus)
(a3 / agree-01, time, l / late)
(c / concentrate-02, ARG1, u2 / uranium)
(c2 / country, name, n4 / name)
(d / demand-01, ARG0, w / world-region)
(d / demand-01, ARG1, h / halt-01)
(e / expert-41, ARG1, p5 / person)
(g / give-01, ARG0, o / organization)
(g / give-01, ARG1, a2 / access-01)
(g / give-01, ARG2, p4 / person)
(h / halt-01, ARG1, p3 / produce-01)
(h2 / have-org-role-91, ARG1, w / world-region)
(h2 / have-org-role-91, ARG2, p5 / person)
(i2 / inspect-01, ARG0, p4 / person)
(l / late, degree, m2 / most)
(n / name, op, "West")
(n3 / name, op, "IAEA")
(n4 / name, op, "Iran")
(o / organization, name, n3 / name)
(p2 / possible, domain, u / use-01)
(p3 / produce-01, ARG1, u2 / uranium)
(s2 / site, quant, m / more)
(s3 / state-01, ARG0, p5 / person)
(s3 / state-01, ARG1, a3 / agree-01)
(s3 / state-01, medium, o / organization)
(u / use-01, ARG1, p / potential)
(u / use-01, ARG2, b / bomb)
(u2 / uranium, mod, p2 / possible)
(w / world-region, name, n / name)

Decoded in 2,983,633 microseconds
Sentence: U.S. State Department spokesman for the Bush administration Tom Casey stated that while the report may offer some new details or insight into the development of Iran's program Iranian officials have not met any international obligations regarding the nuclear program.

NER Entity: (organization :name (name :op "U.S." :op "State" :op "Department"))
NER Entity: (person :name (name :op "Bush"))
NER Entity: (person :name (name :op "Tom" :op "Casey"))
NER Entity: (country :name (name :op "Iran"))
NER Entity: (thing :name (name :op "Iranian"))
NER Entity: (thing :name (name :op "Iranian"))
NER Entity: (country :name (name :op "Iran"))
NER Entity: (person :name (name :op "Bush"))
Spans:
Span 7-8:  administration => administrate-01
Span 34-35:  any => any
Span 6-7:  Bush => (person :name (name :op "Bush"))
Span 19-20:  details => detail-01
Span 24-25:  development => develop-02
Span 21-22:  insight => insight
Span 35-36:  international => international
Span 26-27:  Iran => (country :name (name :op "Iran"))
Span 29-30:  Iranian => (country :name (name :op "Iran"))
Span 15-16:  may => possible
Span 33-34:  met => meet-03
Span 18-19:  new => new
Span 39-40:  nuclear => nucleus
Span 36-37:  obligations => obligation
Span 16-17:  offer => offer-01
Span 30-31:  officials => (have-org-role-91 :ARG2 official)
Span 20-21:  or => or
Span 40-41:  program => program
Span 28-29:  program => program
Span 14-15:  report => report
Span 17-18:  some => some
Span 3-4:  spokesman => (have-org-role-91 :ARG2 spokesman)
Span 10-11:  stated => state-01
Span 8-10:  Tom Casey => (person :name (name :op "Tom" :op "Casey"))
Span 0-3:  U.S. State Department => (organization :name (name :op "U.S." :op "State" :op "Department"))

Langrangian relaxation converged after 69 iterations. Delta = 0.0
Input(Some(Graph(null,ArrayBuffer(Span(40,41,List(0),program,program,false), Span(39,40,List(1),nuclear,nucleus,false), Span(36,37,List(2),obligations,obligation,false), Span(35,36,List(3),international,international,false), Span(34,35,List(4),any,any,false), Span(33,34,List(5),met,meet-03,false), Span(30,31,List(7, 6),officials,(have-org-role-91 :ARG2 official),false), Span(29,30,List(10, 9, 8),Iranian,(country :name (name :op "Iran")),false), Span(28,29,List(11),program,program,false), Span(26,27,List(14, 13, 12),Iran,(country :name (name :op "Iran")),false), Span(24,25,List(15),development,develop-02,false), Span(21,22,List(16),insight,insight,false), Span(20,21,List(17),or,or,false), Span(19,20,List(18),details,detail-01,false), Span(18,19,List(19),new,new,false), Span(17,18,List(20),some,some,false), Span(16,17,List(21),offer,offer-01,false), Span(15,16,List(22),may,possible,false), Span(14,15,List(23),report,report,false), Span(10,11,List(24),stated,state-01,false), Span(8,10,List(28, 27, 26, 25),Tom Casey,(person :name (name :op "Tom" :op "Casey")),false), Span(7,8,List(29),administration,administrate-01,false), Span(6,7,List(32, 31, 30),Bush,(person :name (name :op "Bush")),false), Span(3,4,List(34, 33),spokesman,(have-org-role-91 :ARG2 spokesman),false), Span(0,3,List(39, 38, 37, 36, 35),U.S. State Department,(organization :name (name :op "U.S." :op "State" :op "Department")),false)),Map(39 -> "Department", 30 -> person, 2 -> obligation, 5 -> meet-03, 33 -> have-org-role-91, 27 -> "Tom", 12 -> country, 8 -> country, 15 -> develop-02, 36 -> name, 21 -> offer-01, 18 -> detail-01, 24 -> state-01, 35 -> organization, 7 -> official, 1 -> nucleus, 17 -> or, 23 -> report, 38 -> "State", 26 -> name, 4 -> any, 11 -> program, 32 -> "Bush", 14 -> "Iran", 29 -> administrate-01, 20 -> some, 34 -> spokesman, 28 -> "Casey", 6 -> have-org-role-91, 9 -> name, 0 -> program, 22 -> possible, 16 -> insight, 37 -> "U.S.", 19 -> new, 10 -> "Iran", 3 -> international, 31 -> name, 25 -> person, 13 -> name),Map(n -> nucleus, h -> have-org-role-91, h2 -> have-org-role-91, p5 -> person, s2 -> state-01, o3 -> or, n7 -> name, p2 -> program, n4 -> new, s -> some, m -> meet-03, d -> develop-02, o5 -> organization, p -> program, n3 -> name, a -> any, p4 -> person, n6 -> name, o2 -> official, d2 -> detail-01, i2 -> insight, a2 -> administrate-01, i -> international, r -> report, c -> country, s3 -> spokesman, o -> obligation, o4 -> offer-01, p3 -> possible, c2 -> country, n2 -> name, n5 -> name))),[Ljava.lang.String;@5b7a5baa,Annotation([Ljava.lang.String;@776aec5c,[Ljava.lang.String;@1d296da,[Ljava.lang.String;@7c7a06ec),Annotation([Ljava.lang.String;@75d4a5c2,[Ljava.lang.String;@557caf28,[Ledu.cmu.lti.nlp.amr.Dependency;@408d971b),Annotation([Ljava.lang.String;@6c6cb480,[Ljava.lang.String;@3c46e67a,[Ljava.lang.String;@c730b35),Annotation([Ljava.lang.String;@206a70ef,[Ljava.lang.String;@292b08d6,[Ledu.cmu.lti.nlp.amr.Entity;@22555ebf))
AMR:
(a2 / administrate-01, ARG0, p4 / person)
(a2 / administrate-01, ARG1, p5 / person)
(c / country, name, n2 / name)
(c2 / country, name, n3 / name)
(d / develop-02, ARG1, p2 / program)
(d2 / detail-01, ARG0, r / report)
(d2 / detail-01, ARG1, n / nucleus)
(d2 / detail-01, ARG6, s / some)
(d2 / detail-01, mod, n4 / new)
(h / have-org-role-91, ARG0, p4 / person)
(h / have-org-role-91, ARG1, c / country)
(h / have-org-role-91, ARG2, o2 / official)
(h2 / have-org-role-91, ARG0, p4 / person)
(h2 / have-org-role-91, ARG1, o5 / organization)
(h2 / have-org-role-91, ARG2, s3 / spokesman)
(m / meet-03, ARG0, p / program)
(m / meet-03, ARG1, o / obligation)
(m / meet-03, purpose, p3 / possible)
(n2 / name, op, "Iran")
(n3 / name, op, "Iran")
(n5 / name, op, "Casey")
(n5 / name, op, "Tom")
(n6 / name, op, "Bush")
(n7 / name, op, "Department")
(n7 / name, op, "State")
(n7 / name, op, "U.S.")
(o / obligation, mod, a / any)
(o / obligation, mod, i / international)
(o3 / or, op, d / develop-02)
(o3 / or, op, i2 / insight)
(o4 / offer-01, ARG0, r / report)
(o4 / offer-01, ARG1, o3 / or)
(o5 / organization, name, n7 / name)
(p2 / program, poss, c2 / country)
(p3 / possible, domain, o4 / offer-01)
(p4 / person, name, n5 / name)
(p5 / person, name, n6 / name)
(s2 / state-01, ARG0, p4 / person)
(s2 / state-01, ARG1, m / meet-03)

Decoded in 4,915,934 microseconds
Sentence: Casey stated the fact that the nuclear program continues to move forward shows that the Iranian regime is continuing on a path of defiance of the international community.

NER Entity: (person :name (name :op "Casey"))
NER Entity: (thing :name (name :op "Iranian"))
NER Entity: (thing :name (name :op "Iranian"))
Spans:
Span 27-28:  community => community
Span 8-9:  continues => continue-01
Span 18-19:  continuing => continue-01
Span 3-4:  fact => fact
Span 11-12:  forward => forward
Span 26-27:  international => international
Span 15-16:  Iranian => (country :name (name :op "Iran"))
Span 10-11:  move => move-02
Span 6-7:  nuclear => nucleus
Span 7-8:  program => program
Span 16-17:  regime => regime
Span 1-2:  stated => state-01

Langrangian relaxation converged after 75 iterations. Delta = 0.0
Input(Some(Graph(null,ArrayBuffer(Span(27,28,List(0),community,community,false), Span(26,27,List(1),international,international,false), Span(18,19,List(2),continuing,continue-01,false), Span(16,17,List(3),regime,regime,false), Span(15,16,List(6, 5, 4),Iranian,(country :name (name :op "Iran")),false), Span(11,12,List(7),forward,forward,false), Span(10,11,List(8),move,move-02,false), Span(8,9,List(9),continues,continue-01,false), Span(7,8,List(10),program,program,false), Span(6,7,List(11),nuclear,nucleus,false), Span(3,4,List(12),fact,fact,false), Span(1,2,List(13),stated,state-01,false)),Map(2 -> continue-01, 5 -> name, 12 -> fact, 8 -> move-02, 7 -> forward, 1 -> international, 4 -> country, 11 -> nucleus, 6 -> "Iran", 0 -> community, 9 -> continue-01, 3 -> regime, 10 -> program, 13 -> state-01),Map(n -> name, c4 -> continue-01, s -> state-01, m -> move-02, p -> program, c3 -> country, i -> international, r -> regime, c -> community, f2 -> fact, f -> forward, c2 -> continue-01, n2 -> nucleus))),[Ljava.lang.String;@36ebc363,Annotation([Ljava.lang.String;@45752059,[Ljava.lang.String;@34e9fd99,[Ljava.lang.String;@3c41ed1d),Annotation([Ljava.lang.String;@54d9d12d,[Ljava.lang.String;@38425407,[Ledu.cmu.lti.nlp.amr.Dependency;@43bc63a3),Annotation([Ljava.lang.String;@702657cc,[Ljava.lang.String;@6a6cb05c,[Ljava.lang.String;@40a4337a),Annotation([Ljava.lang.String;@6025e1b6,[Ljava.lang.String;@22ff4249,[Ledu.cmu.lti.nlp.amr.Entity;@2d1ef81a))
AMR:
(c / community, mod, i / international)
(c2 / continue-01, ARG1, r / regime)
(c3 / country, name, n / name)
(c4 / continue-01, ARG0, p / program)
(c4 / continue-01, ARG1, m / move-02)
(m / move-02, ARG1, c2 / continue-01)
(m / move-02, direction, f / forward)
(n / name, op, "Iran")
(p / program, mod, n2 / nucleus)
(r / regime, mod, c3 / country)
(s / state-01, ARG0, i / international)
(s / state-01, ARG1, c4 / continue-01)
(s / state-01, ARG2, f2 / fact)

Decoded in 1,034,960 microseconds
--- Stage1 evaluation ---
Precision: NaN
Recall: NaN
F1: NaN
